{"/Users/gbernal/Documents/ext/ada/typescript-katas/bank-account/src/index.ts": {"path":"/Users/gbernal/Documents/ext/ada/typescript-katas/bank-account/src/index.ts","statementMap":{"0":{"start":{"line":1,"column":0},"end":{"line":1,"column":13}},"1":{"start":{"line":6,"column":4},"end":{"line":6,"column":25}},"2":{"start":{"line":7,"column":4},"end":{"line":7,"column":21}},"3":{"start":{"line":9,"column":0},"end":{"line":9,"column":null}},"4":{"start":{"line":1,"column":13},"end":{"line":1,"column":20}},"5":{"start":{"line":11,"column":0},"end":{"line":11,"column":13}},"6":{"start":{"line":17,"column":4},"end":{"line":17,"column":62}},"7":{"start":{"line":18,"column":4},"end":{"line":18,"column":25}},"8":{"start":{"line":19,"column":4},"end":{"line":19,"column":21}},"9":{"start":{"line":22,"column":2},"end":{"line":29,"column":null}},"10":{"start":{"line":23,"column":29},"end":{"line":23,"column":39}},"11":{"start":{"line":24,"column":4},"end":{"line":24,"column":60}},"12":{"start":{"line":24,"column":26},"end":{"line":24,"column":60}},"13":{"start":{"line":26,"column":4},"end":{"line":26,"column":27}},"14":{"start":{"line":28,"column":4},"end":{"line":28,"column":43}},"15":{"start":{"line":31,"column":2},"end":{"line":41,"column":null}},"16":{"start":{"line":32,"column":29},"end":{"line":32,"column":39}},"17":{"start":{"line":33,"column":4},"end":{"line":33,"column":61}},"18":{"start":{"line":33,"column":26},"end":{"line":33,"column":61}},"19":{"start":{"line":35,"column":46},"end":{"line":35,"column":68}},"20":{"start":{"line":36,"column":4},"end":{"line":40,"column":null}},"21":{"start":{"line":37,"column":6},"end":{"line":37,"column":29}},"22":{"start":{"line":39,"column":6},"end":{"line":39,"column":41}},"23":{"start":{"line":42,"column":0},"end":{"line":42,"column":null}},"24":{"start":{"line":11,"column":13},"end":{"line":11,"column":24}},"25":{"start":{"line":44,"column":0},"end":{"line":44,"column":13}},"26":{"start":{"line":48,"column":4},"end":{"line":48,"column":21}},"27":{"start":{"line":49,"column":4},"end":{"line":49,"column":17}},"28":{"start":{"line":51,"column":0},"end":{"line":51,"column":null}},"29":{"start":{"line":44,"column":13},"end":{"line":44,"column":17}},"30":{"start":{"line":53,"column":0},"end":{"line":53,"column":null}},"31":{"start":{"line":53,"column":43},"end":{"line":53,"column":48}},"32":{"start":{"line":55,"column":4},"end":{"line":55,"column":null}},"33":{"start":{"line":56,"column":4},"end":{"line":56,"column":65}},"34":{"start":{"line":58,"column":0},"end":{"line":58,"column":null}},"35":{"start":{"line":53,"column":13},"end":{"line":53,"column":34}},"36":{"start":{"line":60,"column":0},"end":{"line":60,"column":null}},"37":{"start":{"line":60,"column":43},"end":{"line":60,"column":48}},"38":{"start":{"line":62,"column":4},"end":{"line":62,"column":null}},"39":{"start":{"line":63,"column":4},"end":{"line":63,"column":65}},"40":{"start":{"line":65,"column":0},"end":{"line":65,"column":null}},"41":{"start":{"line":60,"column":13},"end":{"line":60,"column":34}},"42":{"start":{"line":67,"column":0},"end":{"line":67,"column":null}},"43":{"start":{"line":67,"column":42},"end":{"line":67,"column":47}},"44":{"start":{"line":69,"column":4},"end":{"line":69,"column":null}},"45":{"start":{"line":70,"column":4},"end":{"line":70,"column":64}},"46":{"start":{"line":72,"column":0},"end":{"line":72,"column":null}},"47":{"start":{"line":67,"column":13},"end":{"line":67,"column":33}}},"fnMap":{"0":{"name":"(anonymous_6)","decl":{"start":{"line":1,"column":0},"end":{"line":1,"column":13}},"loc":{"start":{"line":1,"column":0},"end":{"line":9,"column":null}}},"1":{"name":"Receipt","decl":{"start":{"line":5,"column":2},"end":{"line":5,"column":14}},"loc":{"start":{"line":5,"column":40},"end":{"line":8,"column":3}}},"2":{"name":"(anonymous_8)","decl":{"start":{"line":11,"column":0},"end":{"line":11,"column":13}},"loc":{"start":{"line":11,"column":0},"end":{"line":42,"column":null}}},"3":{"name":"BankAccount","decl":{"start":{"line":16,"column":2},"end":{"line":16,"column":14}},"loc":{"start":{"line":16,"column":26},"end":{"line":20,"column":3}}},"4":{"name":"(anonymous_10)","decl":{"start":{"line":22,"column":2},"end":{"line":22,"column":9}},"loc":{"start":{"line":22,"column":24},"end":{"line":29,"column":3}}},"5":{"name":"(anonymous_11)","decl":{"start":{"line":31,"column":2},"end":{"line":31,"column":10}},"loc":{"start":{"line":31,"column":25},"end":{"line":41,"column":3}}},"6":{"name":"(anonymous_12)","decl":{"start":{"line":44,"column":0},"end":{"line":44,"column":13}},"loc":{"start":{"line":44,"column":0},"end":{"line":51,"column":null}}},"7":{"name":"User","decl":{"start":{"line":47,"column":2},"end":{"line":47,"column":14}},"loc":{"start":{"line":47,"column":38},"end":{"line":50,"column":3}}},"8":{"name":"(anonymous_14)","decl":{"start":{"line":53,"column":0},"end":{"line":53,"column":13}},"loc":{"start":{"line":53,"column":0},"end":{"line":58,"column":null}}},"9":{"name":"InsuficientFundsError","decl":{"start":{"line":54,"column":2},"end":{"line":54,"column":null}},"loc":{"start":{"line":54,"column":2},"end":{"line":57,"column":3}}},"10":{"name":"(anonymous_16)","decl":{"start":{"line":60,"column":0},"end":{"line":60,"column":13}},"loc":{"start":{"line":60,"column":0},"end":{"line":65,"column":null}}},"11":{"name":"InvalidWithdrawAmount","decl":{"start":{"line":61,"column":2},"end":{"line":61,"column":null}},"loc":{"start":{"line":61,"column":2},"end":{"line":64,"column":3}}},"12":{"name":"(anonymous_18)","decl":{"start":{"line":67,"column":0},"end":{"line":67,"column":13}},"loc":{"start":{"line":67,"column":0},"end":{"line":72,"column":null}}},"13":{"name":"InvalidDepositAmount","decl":{"start":{"line":68,"column":2},"end":{"line":68,"column":null}},"loc":{"start":{"line":68,"column":2},"end":{"line":71,"column":3}}}},"branchMap":{"0":{"loc":{"start":{"line":24,"column":4},"end":{"line":24,"column":60}},"type":"if","locations":[{"start":{"line":24,"column":4},"end":{"line":24,"column":60}},{"start":{"line":24,"column":4},"end":{"line":24,"column":60}}]},"1":{"loc":{"start":{"line":33,"column":4},"end":{"line":33,"column":61}},"type":"if","locations":[{"start":{"line":33,"column":4},"end":{"line":33,"column":61}},{"start":{"line":33,"column":4},"end":{"line":33,"column":61}}]},"2":{"loc":{"start":{"line":36,"column":4},"end":{"line":40,"column":null}},"type":"if","locations":[{"start":{"line":36,"column":4},"end":{"line":40,"column":null}},{"start":{"line":36,"column":4},"end":{"line":40,"column":null}}]},"3":{"loc":{"start":{"line":55,"column":4},"end":{"line":55,"column":48}},"type":"binary-expr","locations":[{"start":{"line":55,"column":4},"end":{"line":55,"column":48}},{"start":{"line":55,"column":48},"end":{"line":55,"column":null}}]},"4":{"loc":{"start":{"line":62,"column":4},"end":{"line":62,"column":36}},"type":"binary-expr","locations":[{"start":{"line":62,"column":4},"end":{"line":62,"column":36}},{"start":{"line":62,"column":36},"end":{"line":62,"column":null}}]},"5":{"loc":{"start":{"line":69,"column":4},"end":{"line":69,"column":35}},"type":"binary-expr","locations":[{"start":{"line":69,"column":4},"end":{"line":69,"column":35}},{"start":{"line":69,"column":35},"end":{"line":69,"column":null}}]}},"s":{"0":1,"1":5,"2":5,"3":1,"4":1,"5":1,"6":7,"7":7,"8":7,"9":1,"10":5,"11":5,"12":1,"13":4,"14":4,"15":1,"16":4,"17":4,"18":1,"19":3,"20":3,"21":1,"22":2,"23":1,"24":1,"25":1,"26":7,"27":7,"28":1,"29":1,"30":1,"31":1,"32":4,"33":4,"34":1,"35":1,"36":1,"37":1,"38":2,"39":2,"40":1,"41":1,"42":1,"43":1,"44":2,"45":2,"46":1,"47":1},"f":{"0":1,"1":5,"2":1,"3":7,"4":5,"5":4,"6":1,"7":7,"8":1,"9":4,"10":1,"11":2,"12":1,"13":2},"b":{"0":[1,4],"1":[1,3],"2":[1,2],"3":[4,0],"4":[2,0],"5":[2,0]}}
}
