TN:
SF:src/index.ts
FN:1,(anonymous_6)
FN:5,Receipt
FN:11,(anonymous_8)
FN:16,BankAccount
FN:22,(anonymous_10)
FN:31,(anonymous_11)
FN:44,(anonymous_12)
FN:47,User
FN:53,(anonymous_14)
FN:54,InsuficientFundsError
FN:60,(anonymous_16)
FN:61,InvalidWithdrawAmount
FN:67,(anonymous_18)
FN:68,InvalidDepositAmount
FNF:14
FNH:14
FNDA:1,(anonymous_6)
FNDA:5,Receipt
FNDA:1,(anonymous_8)
FNDA:7,BankAccount
FNDA:5,(anonymous_10)
FNDA:4,(anonymous_11)
FNDA:1,(anonymous_12)
FNDA:7,User
FNDA:1,(anonymous_14)
FNDA:4,InsuficientFundsError
FNDA:1,(anonymous_16)
FNDA:2,InvalidWithdrawAmount
FNDA:1,(anonymous_18)
FNDA:2,InvalidDepositAmount
DA:1,1
DA:6,5
DA:7,5
DA:9,1
DA:11,1
DA:17,7
DA:18,7
DA:19,7
DA:22,1
DA:23,5
DA:24,5
DA:26,4
DA:28,4
DA:31,1
DA:32,4
DA:33,4
DA:35,3
DA:36,3
DA:37,1
DA:39,2
DA:42,1
DA:44,1
DA:48,7
DA:49,7
DA:51,1
DA:53,1
DA:55,4
DA:56,4
DA:58,1
DA:60,1
DA:62,2
DA:63,2
DA:65,1
DA:67,1
DA:69,2
DA:70,2
DA:72,1
LF:37
LH:37
BRDA:24,0,0,1
BRDA:24,0,1,4
BRDA:33,1,0,1
BRDA:33,1,1,3
BRDA:36,2,0,1
BRDA:36,2,1,2
BRDA:55,3,0,4
BRDA:55,3,1,0
BRDA:62,4,0,2
BRDA:62,4,1,0
BRDA:69,5,0,2
BRDA:69,5,1,0
BRF:12
BRH:9
end_of_record
